	abcd
		abcd
			abcd
				abcd
				abcd
			abcd
				abdc
				abdc
		abcd
			acbd
				acbd
				acbd
			acbd
				acdb
				acdb
		abcd
			adcb
				adcb
				adcb
			adcb
				adbc
				adbc
	abcd
		bacd
			bacd
				bacd
				bacd
			bacd
				badc
				badc
		bacd
			bcad
				bcad
				bcad
			bcad
				bcda
				bcda
		bacd
			bdca
				bdca
				bdca
			bdca
				bdac
				bdac
	abcd
		cbad
			cbad
				cbad
				cbad
			cbad
				cbda
				cbda
		cbad
			cabd
				cabd
				cabd
			cabd
				cadb
				cadb
		cbad
			cdab
				cdab
				cdab
			cdab
				cdba
				cdba
	abcd
		dbca
			dbca
				dbca
				dbca
			dbca
				dbac
				dbac
		dbca
			dcba
				dcba
				dcba
			dcba
				dcab
				dcab
		dbca
			dacb
				dacb
				dacb
			dacb
				dabc
				dabc
